<?xml version="1.0" encoding="UTF-8"?>
<!-- Generated by org.testng.reporters.JUnitXMLReporter -->
<testsuite ignored="2" hostname="Prajakta" failures="0" tests="5" name="Test" time="98.984" errors="0" timestamp="2023-06-09T11:09:32 IST">
  <testcase classname="base.BaseTest" name="@BeforeMethod beforeMethod" time="0.002">
    <failure type="java.lang.NullPointerException" message="Cannot invoke &amp;quot;com.aventstack.extentreports.ExtentReports.createTest(String)&amp;quot; because &amp;quot;this.extent&amp;quot; is null">
      <![CDATA[java.lang.NullPointerException: Cannot invoke "com.aventstack.extentreports.ExtentReports.createTest(String)" because "this.extent" is null
at base.BaseTest.beforeMethod(BaseTest.java:57)
at java.base/java.util.ArrayList.forEach(ArrayList.java:1511)
... Removed 31 stack frames]]>
    </failure>
  </testcase> <!-- @BeforeMethod beforeMethod -->
  <testcase classname="base.BaseTest" name="@AfterMethod afterMethod" time="-1.686289161119E9">
    <skipped/>
  </testcase> <!-- @AfterMethod afterMethod -->
  <testcase classname="qa.Test.LoginTestCase" name="sampleMethodForEnteringCredentials" time="6.883"/>
  <testcase classname="qa.Test.AdminProfileTest" name="sapleadminmethod" time="10.439">
    <skipped/>
  </testcase> <!-- sapleadminmethod -->
  <testcase classname="qa.Test.AdminProfileTest" name="sapleadminmethod" time="11.342"/>
  <testcase classname="qa.Test.AllJobsTest" name="samleMethodForAllJob" time="0.0">
    <skipped/>
  </testcase> <!-- samleMethodForAllJob -->
  <testcase classname="qa.Test.AllSettingTest" name="samplesettingmethod" time="4.661"/>
  <testcase classname="base.BaseTest" name="@BeforeTest beforeTestMethod" time="0.0">
    <ignored/>
  </testcase> <!-- @BeforeTest beforeTestMethod -->
  <testcase classname="base.BaseTest" name="@AfterTest afterTest" time="0.0">
    <ignored/>
  </testcase> <!-- @AfterTest afterTest -->
</testsuite> <!-- Test -->
